<?xml version="1.0" encoding="UTF-8"?>
<!-- Generated by org.testng.reporters.JUnitReportReporter -->
<testsuite skipped="0" hostname="DESKTOP-598O4S4" name="com.nopcommerce.demo.testsuite.CellPhonePageTest" tests="1" failures="0" timestamp="2022-12-13T17:07:27 GMT" time="26.870" errors="0">
  <testcase name="verifyThatTheProductAddedSuccessfullyAndPlaceOrderSuccessfully" time="26.870" classname="com.nopcommerce.demo.testsuite.CellPhonePageTest"/>
  <system-out>
    <![CDATA[on Electronics tab[[ChromeDriver: chrome on WINDOWS (3aa695e170accbff6734dcb8ac7ead97)] -> xpath: //body/div[6]/div[2]/ul[1]/li[2]/a[1]]
click on Cell Phone[[ChromeDriver: chrome on WINDOWS (3aa695e170accbff6734dcb8ac7ead97)] -> xpath: //body/div[6]/div[2]/ul[1]/li[2]/ul[1]/li[2]/a[1]]
verify text Cell Phone[[ChromeDriver: chrome on WINDOWS (3aa695e170accbff6734dcb8ac7ead97)] -> xpath: //h1[contains(text(),'Cell phones')]]
clikc on listview of cellphone[[ChromeDriver: chrome on WINDOWS (3aa695e170accbff6734dcb8ac7ead97)] -> xpath: //a[contains(text(),'List')]]
click on nokia lumia product[[ChromeDriver: chrome on WINDOWS (3aa695e170accbff6734dcb8ac7ead97)] -> xpath: //body/div[6]/div[3]/div[1]/div[3]/div[1]/div[2]/div[2]/div[2]/div[1]/div[1]/div[3]/div[1]/div[2]/h2[1]/a[1]]
verifying product price of  nokia lumia product[[ChromeDriver: chrome on WINDOWS (3aa695e170accbff6734dcb8ac7ead97)] -> xpath: //span[@id='price-value-20']]
changing Quantity of product2for[[ChromeDriver: chrome on WINDOWS (3aa695e170accbff6734dcb8ac7ead97)] -> xpath: //body/div[6]/div[3]/div[1]/div[3]/div[1]/div[2]/div[2]/div[2]/div[1]/div[1]/div[3]/div[1]/div[2]/h2[1]/a[1]]
click on add to cart[[ChromeDriver: chrome on WINDOWS (3aa695e170accbff6734dcb8ac7ead97)] -> xpath: //button[@id='add-to-cart-button-20']]
verify massage product add to cart[[ChromeDriver: chrome on WINDOWS (3aa695e170accbff6734dcb8ac7ead97)] -> xpath: //body/div[@id='bar-notification']/div[1]/p[1]]
click on cross button[[ChromeDriver: chrome on WINDOWS (3aa695e170accbff6734dcb8ac7ead97)] -> xpath: //body/div[@id='bar-notification']/div[1]/span[1]]
mousehoover to shopping cart[[ChromeDriver: chrome on WINDOWS (3aa695e170accbff6734dcb8ac7ead97)] -> xpath: //span[contains(text(),'Shopping cart')]]
click on go to cart[[ChromeDriver: chrome on WINDOWS (3aa695e170accbff6734dcb8ac7ead97)] -> xpath: //button[contains(text(),'Go to cart')]]
verify text ShoppingCart[[ChromeDriver: chrome on WINDOWS (3aa695e170accbff6734dcb8ac7ead97)] -> xpath: //h1[contains(text(),'Shopping cart')]]
click on terms and condition [[ChromeDriver: chrome on WINDOWS (3aa695e170accbff6734dcb8ac7ead97)] -> id: termsofservice]
click on checkout  [[ChromeDriver: chrome on WINDOWS (3aa695e170accbff6734dcb8ac7ead97)] -> id: checkout]
verify welcome text on page[[ChromeDriver: chrome on WINDOWS (3aa695e170accbff6734dcb8ac7ead97)] -> xpath: //h1[contains(text(),'Welcome, Please Sign In!')]]
click on register button[[ChromeDriver: chrome on WINDOWS (3aa695e170accbff6734dcb8ac7ead97)] -> xpath: //button[contains(text(),'Register')]]
first name Siddh[[ChromeDriver: chrome on WINDOWS (3aa695e170accbff6734dcb8ac7ead97)] -> id: FirstName]
Last name thak[[ChromeDriver: chrome on WINDOWS (3aa695e170accbff6734dcb8ac7ead97)] -> id: LastName]
Email is siddh.thakker[[ChromeDriver: chrome on WINDOWS (3aa695e170accbff6734dcb8ac7ead97)] -> id: Email]
Password is  siddhthak12[[ChromeDriver: chrome on WINDOWS (3aa695e170accbff6734dcb8ac7ead97)] -> id: Password]
Confirm password is  siddhthak12[[ChromeDriver: chrome on WINDOWS (3aa695e170accbff6734dcb8ac7ead97)] -> xpath: //input[@id='ConfirmPassword']]
click on Register [[ChromeDriver: chrome on WINDOWS (3aa695e170accbff6734dcb8ac7ead97)] -> xpath: //button[@id='register-button']]
Your registration completed [[ChromeDriver: chrome on WINDOWS (3aa695e170accbff6734dcb8ac7ead97)] -> xpath: //div[contains(text(),'Your registration completed')]]
click on continue [[ChromeDriver: chrome on WINDOWS (3aa695e170accbff6734dcb8ac7ead97)] -> xpath: //a[contains(text(),'Continue')]]
click on terms and condition [[ChromeDriver: chrome on WINDOWS (3aa695e170accbff6734dcb8ac7ead97)] -> id: termsofservice]
click on checkout  [[ChromeDriver: chrome on WINDOWS (3aa695e170accbff6734dcb8ac7ead97)] -> id: checkout]
first name Siddh[[ChromeDriver: chrome on WINDOWS (3aa695e170accbff6734dcb8ac7ead97)] -> id: BillingNewAddress_FirstName]
last name thak[[ChromeDriver: chrome on WINDOWS (3aa695e170accbff6734dcb8ac7ead97)] -> id: BillingNewAddress_LastName]
Country name is  United States[[ChromeDriver: chrome on WINDOWS (3aa695e170accbff6734dcb8ac7ead97)] -> id: BillingNewAddress_CountryId]
State name is  Alaska[[ChromeDriver: chrome on WINDOWS (3aa695e170accbff6734dcb8ac7ead97)] -> id: BillingNewAddress_StateProvinceId]
 City name is  naple[[ChromeDriver: chrome on WINDOWS (3aa695e170accbff6734dcb8ac7ead97)] -> id: BillingNewAddress_City]
Address 1 is  123 cordin view[[ChromeDriver: chrome on WINDOWS (3aa695e170accbff6734dcb8ac7ead97)] -> id: BillingNewAddress_Address1]
Zip code is 1528[[ChromeDriver: chrome on WINDOWS (3aa695e170accbff6734dcb8ac7ead97)] -> id: BillingNewAddress_ZipPostalCode]
Phone No is  45829011[[ChromeDriver: chrome on WINDOWS (3aa695e170accbff6734dcb8ac7ead97)] -> id: BillingNewAddress_PhoneNumber]
Click on continue[[ChromeDriver: chrome on WINDOWS (3aa695e170accbff6734dcb8ac7ead97)] -> xpath: //body/div[6]/div[3]/div[1]/div[1]/div[1]/div[2]/ol[1]/li[1]/div[2]/div[1]/button[4]]
click on 2nd day option[[ChromeDriver: chrome on WINDOWS (3aa695e170accbff6734dcb8ac7ead97)] -> css selector: #shippingoption_2]
click on countinue tab [[ChromeDriver: chrome on WINDOWS (3aa695e170accbff6734dcb8ac7ead97)] -> xpath: //body/div[6]/div[3]/div[1]/div[1]/div[1]/div[2]/ol[1]/li[3]/div[2]/form[1]/div[2]/button[1]]
click on paymentmethod[[ChromeDriver: chrome on WINDOWS (3aa695e170accbff6734dcb8ac7ead97)] -> id: paymentmethod_1]
click on continue [[ChromeDriver: chrome on WINDOWS (3aa695e170accbff6734dcb8ac7ead97)] -> xpath: //body/div[6]/div[3]/div[1]/div[1]/div[1]/div[2]/ol[1]/li[4]/div[2]/div[1]/button[1]]
mastercard Visais selected[[ChromeDriver: chrome on WINDOWS (3aa695e170accbff6734dcb8ac7ead97)] -> xpath: //select[@id='CreditCardType']]
Enter name   H.M.zoe[[ChromeDriver: chrome on WINDOWS (3aa695e170accbff6734dcb8ac7ead97)] -> xpath: //input[@id='CardholderName']]
Card No is  4111111111111111[[ChromeDriver: chrome on WINDOWS (3aa695e170accbff6734dcb8ac7ead97)] -> xpath: //input[@id='CardNumber']]
Enter Month is  01[[ChromeDriver: chrome on WINDOWS (3aa695e170accbff6734dcb8ac7ead97)] -> xpath: //select[@id='ExpireMonth']]
Enter year is  2025[[ChromeDriver: chrome on WINDOWS (3aa695e170accbff6734dcb8ac7ead97)] -> xpath: //select[@id='ExpireYear']]
Enter card code is  123[[ChromeDriver: chrome on WINDOWS (3aa695e170accbff6734dcb8ac7ead97)] -> xpath: //input[@id='CardCode']]
click on continue [[ChromeDriver: chrome on WINDOWS (3aa695e170accbff6734dcb8ac7ead97)] -> xpath: //body/div[6]/div[3]/div[1]/div[1]/div[1]/div[2]/ol[1]/li[5]/div[2]/div[1]/button[1]]
verify payment method is credit card [[ChromeDriver: chrome on WINDOWS (3aa695e170accbff6734dcb8ac7ead97)] -> xpath: //span[contains(text(),'Credit Card')]]
verify shipping method is 2nd day [[ChromeDriver: chrome on WINDOWS (3aa695e170accbff6734dcb8ac7ead97)] -> xpath: //body/div[6]/div[3]/div[1]/div[1]/div[1]/div[2]/ol[1]/li[6]/div[2]/div[1]/div[1]/div[1]/div[1]/div[1]/div[2]/div[2]/ul[1]/li[1]/span[2]]
Total price $698 [[ChromeDriver: chrome on WINDOWS (3aa695e170accbff6734dcb8ac7ead97)] -> xpath: //tr[@class='order-total']/td[2]/span]
click on continue [[ChromeDriver: chrome on WINDOWS (3aa695e170accbff6734dcb8ac7ead97)] -> xpath: //button[contains(text(),'Confirm')]]
verify text Thank You [[ChromeDriver: chrome on WINDOWS (3aa695e170accbff6734dcb8ac7ead97)] -> xpath: //h1[contains(text(),'Thank you')]]
Your order has been successfully processed![[ChromeDriver: chrome on WINDOWS (3aa695e170accbff6734dcb8ac7ead97)] -> xpath: //strong[contains(text(),'Your order has been successfully processed!')]]
click on continue [[ChromeDriver: chrome on WINDOWS (3aa695e170accbff6734dcb8ac7ead97)] -> xpath: //button[contains(text(),'Continue')]]
welcome to our store[[ChromeDriver: chrome on WINDOWS (3aa695e170accbff6734dcb8ac7ead97)] -> xpath: //h2[contains(text(),'Welcome to our store')]]
click on log out [[ChromeDriver: chrome on WINDOWS (3aa695e170accbff6734dcb8ac7ead97)] -> xpath: //a[contains(text(),'Log out')]]
Click to see screenshot
<a target = "_blank" href=C:\Users\hvtha\page-factory-nop-commerce-proj5/test-output/html/verifyThatTheProductAddedSuccessfullyAndPlaceOrderSuccessfullyTue_Dec_13_17_06_40_GMT_2022.jpg>Screenshot</a>
<br>
<br>
<a target = "_blank" href=C:\Users\hvtha\page-factory-nop-commerce-proj5/test-output/html/verifyThatTheProductAddedSuccessfullyAndPlaceOrderSuccessfullyTue_Dec_13_17_06_40_GMT_2022.jpg><img src=C:\Users\hvtha\page-factory-nop-commerce-proj5/test-output/html/verifyThatTheProductAddedSuccessfullyAndPlaceOrderSuccessfullyTue_Dec_13_17_06_40_GMT_2022.jpg height=200 width=200></img></a>]]>
  </system-out>
</testsuite> <!-- com.nopcommerce.demo.testsuite.CellPhonePageTest -->
