<?xml version="1.0" encoding="UTF-8"?>
<!-- Generated by org.testng.reporters.JUnitReportReporter -->
<testsuite skipped="0" hostname="DESKTOP-598O4S4" name="com.nopcommerce.demo.testsuite.DesktopPageTest" tests="2" failures="0" timestamp="2022-12-13T17:07:27 GMT" time="34.532" errors="0">
  <testcase name="verifyProductArrangeInAlphaBaticalOrder" time="4.548" classname="com.nopcommerce.demo.testsuite.DesktopPageTest"/>
  <system-out>
    <![CDATA[click on Computer Menu[[ChromeDriver: chrome on WINDOWS (d0fad0dc508ae841c752c11169687fc0)] -> xpath: //body/div[6]/div[2]/ul[1]/li[1]/a[1]]
click on Desktop[[ChromeDriver: chrome on WINDOWS (d0fad0dc508ae841c752c11169687fc0)] -> xpath: //body/div[6]/div[2]/ul[1]/li[1]/ul[1]/li[1]/a[1]]
click on name Z to A[[ChromeDriver: chrome on WINDOWS (d0fad0dc508ae841c752c11169687fc0)] -> id: products-orderby]
Click to see screenshot
<a target = "_blank" href=C:\Users\hvtha\page-factory-nop-commerce-proj5/test-output/html/verifyProductArrangeInAlphaBaticalOrderTue_Dec_13_17_07_16_GMT_2022.jpg>Screenshot</a>
<br>
<br>
<a target = "_blank" href=C:\Users\hvtha\page-factory-nop-commerce-proj5/test-output/html/verifyProductArrangeInAlphaBaticalOrderTue_Dec_13_17_07_16_GMT_2022.jpg><img src=C:\Users\hvtha\page-factory-nop-commerce-proj5/test-output/html/verifyProductArrangeInAlphaBaticalOrderTue_Dec_13_17_07_16_GMT_2022.jpg height=200 width=200></img></a>]]>
  </system-out>
  <testcase name="verifyProductAddedToShoppingCartSuccessFully" time="29.984" classname="com.nopcommerce.demo.testsuite.DesktopPageTest"/>
  <system-out>
    <![CDATA[click on Computer Menu[[ChromeDriver: chrome on WINDOWS (3dbb5118c5c79e71b47ad01235eefd2d)] -> xpath: //body/div[6]/div[2]/ul[1]/li[1]/a[1]]
click on Desktop[[ChromeDriver: chrome on WINDOWS (3dbb5118c5c79e71b47ad01235eefd2d)] -> xpath: //body/div[6]/div[2]/ul[1]/li[1]/ul[1]/li[1]/a[1]]
click on name A to Z[[ChromeDriver: chrome on WINDOWS (3dbb5118c5c79e71b47ad01235eefd2d)] -> id: products-orderby]
click on add to cart[[ChromeDriver: chrome on WINDOWS (3dbb5118c5c79e71b47ad01235eefd2d)] -> xpath: //div[@data-productid='1']/div[2]/div[3]/div[2]/button[1]]
BuildYourComputer[[ChromeDriver: chrome on WINDOWS (3dbb5118c5c79e71b47ad01235eefd2d)] -> xpath: //h1[contains(text(),'Build your own computer')]]
 intel platinum2.2 GHz Intel Pentium Dual-Core E2200is selected[[ChromeDriver: chrome on WINDOWS (3dbb5118c5c79e71b47ad01235eefd2d)] -> xpath: //select[@id='product_attribute_1']]
selection of RAM8GB [+$60.00]is [[ChromeDriver: chrome on WINDOWS (3dbb5118c5c79e71b47ad01235eefd2d)] -> xpath: //select[@id='product_attribute_2']]
selection of HDD[[ChromeDriver: chrome on WINDOWS (3dbb5118c5c79e71b47ad01235eefd2d)] -> xpath: //input[@id='product_attribute_3_7']]
Select vista field tab [[ChromeDriver: chrome on WINDOWS (3dbb5118c5c79e71b47ad01235eefd2d)] -> id: product_attribute_4_9]
click on commander[[ChromeDriver: chrome on WINDOWS (3dbb5118c5c79e71b47ad01235eefd2d)] -> id: product_attribute_5_12]
verify price  [[ChromeDriver: chrome on WINDOWS (3dbb5118c5c79e71b47ad01235eefd2d)] -> xpath: //span[@id='price-value-1']]
click on add to cart[[ChromeDriver: chrome on WINDOWS (3dbb5118c5c79e71b47ad01235eefd2d)] -> xpath: //button[@id='add-to-cart-button-1']]
poduct add to cart[[ChromeDriver: chrome on WINDOWS (3dbb5118c5c79e71b47ad01235eefd2d)] -> xpath: //body/div[@id='bar-notification']/div[1]]
click on shopping cart[[ChromeDriver: chrome on WINDOWS (3dbb5118c5c79e71b47ad01235eefd2d)] -> xpath: //a[contains(text(),'shopping cart')]]
verify text ShoppingCart[[ChromeDriver: chrome on WINDOWS (3dbb5118c5c79e71b47ad01235eefd2d)] -> xpath: //h1[contains(text(),'Shopping cart')]]
change quantity to 2[[ChromeDriver: chrome on WINDOWS (3dbb5118c5c79e71b47ad01235eefd2d)] -> xpath: //td[@class='quantity']/input]
 update shopping cart [[ChromeDriver: chrome on WINDOWS (3dbb5118c5c79e71b47ad01235eefd2d)] -> id: updatecart]
Total price $2,950.00 [[ChromeDriver: chrome on WINDOWS (3dbb5118c5c79e71b47ad01235eefd2d)] -> xpath: //tr[@class='order-total']/td[2]/span/strong]
click on terms and condition [[ChromeDriver: chrome on WINDOWS (3dbb5118c5c79e71b47ad01235eefd2d)] -> id: termsofservice]
click on checkout  [[ChromeDriver: chrome on WINDOWS (3dbb5118c5c79e71b47ad01235eefd2d)] -> id: checkout]
verify welcome text on page[[ChromeDriver: chrome on WINDOWS (3dbb5118c5c79e71b47ad01235eefd2d)] -> xpath: //h1[contains(text(),'Welcome, Please Sign In!')]]
click on checkout guest button[[ChromeDriver: chrome on WINDOWS (3dbb5118c5c79e71b47ad01235eefd2d)] -> xpath: //button[contains(text(),'Checkout as Guest')]]
first name jenna[[ChromeDriver: chrome on WINDOWS (3dbb5118c5c79e71b47ad01235eefd2d)] -> id: BillingNewAddress_FirstName]
last name munim[[ChromeDriver: chrome on WINDOWS (3dbb5118c5c79e71b47ad01235eefd2d)] -> id: BillingNewAddress_LastName]
Email ID is jenumun12@gmail.com[[ChromeDriver: chrome on WINDOWS (3dbb5118c5c79e71b47ad01235eefd2d)] -> id: BillingNewAddress_Email]
Country name is  United States[[ChromeDriver: chrome on WINDOWS (3dbb5118c5c79e71b47ad01235eefd2d)] -> id: BillingNewAddress_CountryId]
State name is  Alaska[[ChromeDriver: chrome on WINDOWS (3dbb5118c5c79e71b47ad01235eefd2d)] -> id: BillingNewAddress_StateProvinceId]
 City name is  naple[[ChromeDriver: chrome on WINDOWS (3dbb5118c5c79e71b47ad01235eefd2d)] -> id: BillingNewAddress_City]
Address 1 is  123 cordin view[[ChromeDriver: chrome on WINDOWS (3dbb5118c5c79e71b47ad01235eefd2d)] -> id: BillingNewAddress_Address1]
Zip code is 1528[[ChromeDriver: chrome on WINDOWS (3dbb5118c5c79e71b47ad01235eefd2d)] -> id: BillingNewAddress_ZipPostalCode]
Phone No is  45829011[[ChromeDriver: chrome on WINDOWS (3dbb5118c5c79e71b47ad01235eefd2d)] -> id: BillingNewAddress_PhoneNumber]
Click on continue[[ChromeDriver: chrome on WINDOWS (3dbb5118c5c79e71b47ad01235eefd2d)] -> xpath: //body/div[6]/div[3]/div[1]/div[1]/div[1]/div[2]/ol[1]/li[1]/div[2]/div[1]/button[4]]
click on next day delivary[[ChromeDriver: chrome on WINDOWS (3dbb5118c5c79e71b47ad01235eefd2d)] -> id: shippingoption_1]
click on countinue tab [[ChromeDriver: chrome on WINDOWS (3dbb5118c5c79e71b47ad01235eefd2d)] -> xpath: //body/div[6]/div[3]/div[1]/div[1]/div[1]/div[2]/ol[1]/li[3]/div[2]/form[1]/div[2]/button[1]]
click on paymentmethod[[ChromeDriver: chrome on WINDOWS (3dbb5118c5c79e71b47ad01235eefd2d)] -> id: paymentmethod_1]
click on continue [[ChromeDriver: chrome on WINDOWS (3dbb5118c5c79e71b47ad01235eefd2d)] -> xpath: //body/div[6]/div[3]/div[1]/div[1]/div[1]/div[2]/ol[1]/li[4]/div[2]/div[1]/button[1]]
mastercard Master cardis selected[[ChromeDriver: chrome on WINDOWS (3dbb5118c5c79e71b47ad01235eefd2d)] -> xpath: //select[@id='CreditCardType']]
Enter name   H.M.zoe[[ChromeDriver: chrome on WINDOWS (3dbb5118c5c79e71b47ad01235eefd2d)] -> xpath: //input[@id='CardholderName']]
Card No is  5555555555554444[[ChromeDriver: chrome on WINDOWS (3dbb5118c5c79e71b47ad01235eefd2d)] -> xpath: //input[@id='CardNumber']]
Enter Month is  01[[ChromeDriver: chrome on WINDOWS (3dbb5118c5c79e71b47ad01235eefd2d)] -> xpath: //select[@id='ExpireMonth']]
Enter year is  2025[[ChromeDriver: chrome on WINDOWS (3dbb5118c5c79e71b47ad01235eefd2d)] -> xpath: //select[@id='ExpireYear']]
Enter card code is  123[[ChromeDriver: chrome on WINDOWS (3dbb5118c5c79e71b47ad01235eefd2d)] -> xpath: //input[@id='CardCode']]
click on continue [[ChromeDriver: chrome on WINDOWS (3dbb5118c5c79e71b47ad01235eefd2d)] -> xpath: //body/div[6]/div[3]/div[1]/div[1]/div[1]/div[2]/ol[1]/li[5]/div[2]/div[1]/button[1]]
verify payment method is credit card [[ChromeDriver: chrome on WINDOWS (3dbb5118c5c79e71b47ad01235eefd2d)] -> xpath: //span[contains(text(),'Credit Card')]]
verify Shipping method is next day delivary[[ChromeDriver: chrome on WINDOWS (3dbb5118c5c79e71b47ad01235eefd2d)] -> xpath: //div[@class='order-summary-content']/div/div[2]/div[2]/ul/li/span[2]]
verify Total is $2950[[ChromeDriver: chrome on WINDOWS (3dbb5118c5c79e71b47ad01235eefd2d)] -> xpath: //tr[@class='order-total']/td[2]/span]
click on continue [[ChromeDriver: chrome on WINDOWS (3dbb5118c5c79e71b47ad01235eefd2d)] -> xpath: //button[contains(text(),'Confirm')]]
verify text Thank You [[ChromeDriver: chrome on WINDOWS (3dbb5118c5c79e71b47ad01235eefd2d)] -> xpath: //h1[contains(text(),'Thank you')]]
Your order has been successfully processed![[ChromeDriver: chrome on WINDOWS (3dbb5118c5c79e71b47ad01235eefd2d)] -> xpath: //strong[contains(text(),'Your order has been successfully processed!')]]
click on continue [[ChromeDriver: chrome on WINDOWS (3dbb5118c5c79e71b47ad01235eefd2d)] -> xpath: //button[contains(text(),'Continue')]]
welcome to our store[[ChromeDriver: chrome on WINDOWS (3dbb5118c5c79e71b47ad01235eefd2d)] -> xpath: //h2[contains(text(),'Welcome to our store')]]
Click to see screenshot
<a target = "_blank" href=C:\Users\hvtha\page-factory-nop-commerce-proj5/test-output/html/verifyProductAddedToShoppingCartSuccessFullyTue_Dec_13_17_07_11_GMT_2022.jpg>Screenshot</a>
<br>
<br>
<a target = "_blank" href=C:\Users\hvtha\page-factory-nop-commerce-proj5/test-output/html/verifyProductAddedToShoppingCartSuccessFullyTue_Dec_13_17_07_11_GMT_2022.jpg><img src=C:\Users\hvtha\page-factory-nop-commerce-proj5/test-output/html/verifyProductAddedToShoppingCartSuccessFullyTue_Dec_13_17_07_11_GMT_2022.jpg height=200 width=200></img></a>]]>
  </system-out>
</testsuite> <!-- com.nopcommerce.demo.testsuite.DesktopPageTest -->
