<?xml version="1.0" encoding="UTF-8"?>
<!-- Generated by org.testng.reporters.JUnitReportReporter -->
<testsuite skipped="0" hostname="DESKTOP-598O4S4" name="com.nopcommerce.demo.testsuite.HomePageTest" tests="2" failures="0" timestamp="2022-12-13T17:07:27 GMT" time="8.996" errors="0">
  <testcase name="verifyUserShouldNavigateToCellPhonesPageSuccessfully" time="4.042" classname="com.nopcommerce.demo.testsuite.HomePageTest"/>
  <system-out>
    <![CDATA[on Electronics tab[[ChromeDriver: chrome on WINDOWS (c898c9bff12db64ad8bc5ea9cf0b06e7)] -> xpath: //body/div[6]/div[2]/ul[1]/li[2]/a[1]]
click on Cell Phone[[ChromeDriver: chrome on WINDOWS (c898c9bff12db64ad8bc5ea9cf0b06e7)] -> xpath: //body/div[6]/div[2]/ul[1]/li[2]/ul[1]/li[2]/a[1]]
verify text Cell Phone[[ChromeDriver: chrome on WINDOWS (c898c9bff12db64ad8bc5ea9cf0b06e7)] -> xpath: //h1[contains(text(),'Cell phones')]]
Click to see screenshot
<a target = "_blank" href=C:\Users\hvtha\page-factory-nop-commerce-proj5/test-output/html/verifyUserShouldNavigateToCellPhonesPageSuccessfullyTue_Dec_13_17_07_25_GMT_2022.jpg>Screenshot</a>
<br>
<br>
<a target = "_blank" href=C:\Users\hvtha\page-factory-nop-commerce-proj5/test-output/html/verifyUserShouldNavigateToCellPhonesPageSuccessfullyTue_Dec_13_17_07_25_GMT_2022.jpg><img src=C:\Users\hvtha\page-factory-nop-commerce-proj5/test-output/html/verifyUserShouldNavigateToCellPhonesPageSuccessfullyTue_Dec_13_17_07_25_GMT_2022.jpg height=200 width=200></img></a>]]>
  </system-out>
  <testcase name="verifyPageNavigation" time="4.954" classname="com.nopcommerce.demo.testsuite.HomePageTest"/>
  <system-out>
    <![CDATA[verify title of the page[[ChromeDriver: chrome on WINDOWS (bb7ab5f03e451ca759dd419e16a20500)] -> css selector: div.page-title]
Click to see screenshot
<a target = "_blank" href=C:\Users\hvtha\page-factory-nop-commerce-proj5/test-output/html/verifyPageNavigationTue_Dec_13_17_07_20_GMT_2022.jpg>Screenshot</a>
<br>
<br>
<a target = "_blank" href=C:\Users\hvtha\page-factory-nop-commerce-proj5/test-output/html/verifyPageNavigationTue_Dec_13_17_07_20_GMT_2022.jpg><img src=C:\Users\hvtha\page-factory-nop-commerce-proj5/test-output/html/verifyPageNavigationTue_Dec_13_17_07_20_GMT_2022.jpg height=200 width=200></img></a>]]>
  </system-out>
</testsuite> <!-- com.nopcommerce.demo.testsuite.HomePageTest -->
